<?xml version="1.0" encoding="UTF-8"?>
<!-- Generated by org.testng.reporters.JUnitXMLReporter -->
<testsuite ignored="0" hostname="LAPTOP-3J444SVE" failures="0" tests="9" name="api_test" time="3.821" errors="0" timestamp="2021-04-05T22:09:40 EDT">
  <testcase classname="api_test.GetTestWithPathVariable" name="GetTestWithPathVariableId" time="1.554"/>
  <testcase classname="api_test.GetTestWithPathVariable" name="attemptToGetUserWithInvalidId" time="0.142"/>
  <testcase classname="api_test.GetTestWithQueryParameter" name="getUsersWithQueryParameter" time="0.362"/>
  <testcase classname="api_test.SimpleDeleteTest" name="deleteSingleUser" time="0.31"/>
  <testcase classname="api_test.SimpleGetTest" name="attemptToGetUserWithInvalidId" time="0.09"/>
  <testcase classname="api_test.SimpleGetTest" name="getAllUsers" time="0.151"/>
  <testcase classname="api_test.SimplePatchTest" name="updateUserSingleFiled" time="0.425"/>
  <testcase classname="api_test.SimplePostTest" name="createNewUser" time="0.406"/>
  <testcase classname="api_test.SimplePutTest" name="updateUserFields" time="0.377"/>
</testsuite> <!-- api_test -->
