<?xml version="1.0" encoding="UTF-8"?>
<!-- Generated by org.testng.reporters.JUnitXMLReporter -->
<testsuite ignored="0" hostname="LAPTOP-3J444SVE" failures="0" tests="2" name="mortgage_calculator" time="27.509" errors="0" timestamp="2021-04-05T22:09:29 EDT">
  <testcase classname="mortgage_calculator.CalculateMortgageRate" name="calculateMortgage" time="2.886"/>
  <testcase classname="mortgage_calculator.CalculateRates" name="calculateRealApr" time="5.486"/>
</testsuite> <!-- mortgage_calculator -->
