<?xml version="1.0" encoding="UTF-8"?>
<testsuite xmlns:xsi="http://www.w3.org/2001/XMLSchema-instance" xsi:noNamespaceSchemaLocation="https://maven.apache.org/surefire/maven-surefire-plugin/xsd/surefire-test-report-3.0.xsd" version="3.0" name="TestSuite" time="38.413" tests="12" errors="0" skipped="0" failures="0">
  <properties>
[...]
</properties>
  <testcase name="calculateMortgage" classname="mortgage_calculator.CalculateMortgageRate" time="2.866">
    <system-out><![CDATA[22:09:05.103 [main] INFO  mortgage_calculator.CalculateMortgageRate - -------Test:CalculateMortgageRate-----------
]]></system-out>
    <system-err><![CDATA[SLF4J: Failed to load class "org.slf4j.impl.StaticLoggerBinder".
SLF4J: Defaulting to no-operation (NOP) logger implementation
SLF4J: See http://www.slf4j.org/codes.html#StaticLoggerBinder for further details.
Starting ChromeDriver 89.0.4389.23 (61b08ee2c50024bab004e48d2b1b083cdbdac579-refs/branch-heads/4389@{#294}) on port 17340
Only local connections are allowed.
Please see https://chromedriver.chromium.org/security-considerations for suggestions on keeping ChromeDriver safe.
ChromeDriver was started successfully.
Apr 05, 2021 10:09:05 PM org.openqa.selenium.remote.ProtocolHandshake createSession
INFO: Detected dialect: W3C
]]></system-err>
  </testcase>
  <testcase name="calculateRealApr" classname="mortgage_calculator.CalculateRates" time="5.472">
    <system-err><![CDATA[Starting ChromeDriver 89.0.4389.23 (61b08ee2c50024bab004e48d2b1b083cdbdac579-refs/branch-heads/4389@{#294}) on port 18431
Only local connections are allowed.
Please see https://chromedriver.chromium.org/security-considerations for suggestions on keeping ChromeDriver safe.
ChromeDriver was started successfully.
Apr 05, 2021 10:09:20 PM org.openqa.selenium.remote.ProtocolHandshake createSession
INFO: Detected dialect: W3C
]]></system-err>
  </testcase>
  <testcase name="ValidateTitle" classname="automation_test.php_travel.PhpTravel" time="1.324">
    <system-err><![CDATA[Starting ChromeDriver 89.0.4389.23 (61b08ee2c50024bab004e48d2b1b083cdbdac579-refs/branch-heads/4389@{#294}) on port 21351
Only local connections are allowed.
Please see https://chromedriver.chromium.org/security-considerations for suggestions on keeping ChromeDriver safe.
ChromeDriver was started successfully.
Apr 05, 2021 10:09:31 PM org.openqa.selenium.remote.ProtocolHandshake createSession
INFO: Detected dialect: W3C
]]></system-err>
  </testcase>
  <testcase name="GetTestWithPathVariableId" classname="api_test.GetTestWithPathVariable" time="1.559">
    <system-out><![CDATA[22:09:36.275 [main] INFO  api_test.SimpleGetTest - ------------API Test: Get Single Users----------------
22:09:37.828 [main] INFO  api_test.SimpleGetTest - ------------End Test: Get All Users----------------
]]></system-out>
  </testcase>
  <testcase name="attemptToGetUserWithInvalidId" classname="api_test.GetTestWithPathVariable" time="0.142">
    <system-out><![CDATA[22:09:37.829 [main] INFO  api_test.SimpleGetTest - ------------API Test: Get Single Users----------------
22:09:37.971 [main] INFO  api_test.SimpleGetTest - ------------End Test: Get All Users----------------
]]></system-out>
  </testcase>
  <testcase name="getUsersWithQueryParameter" classname="api_test.GetTestWithQueryParameter" time="0.37">
    <system-out><![CDATA[22:09:37.972 [main] INFO  api_test.GetTestWithQueryParameter - ------------API Test: Get All Users with Query Parameter----------------
22:09:37.972 [main] INFO  api_test.GetTestWithQueryParameter - Base URI get connected
[michael.lawson@reqres.in, lindsay.ferguson@reqres.in, tobias.funke@reqres.in, byron.fields@reqres.in, george.edwards@reqres.in, rachel.howell@reqres.in]
22:09:38.334 [main] INFO  api_test.GetTestWithQueryParameter - ------------End Test: Get All Users----------------
]]></system-out>
  </testcase>
  <testcase name="deleteSingleUser" classname="api_test.SimpleDeleteTest" time="0.302">
    <system-out><![CDATA[22:09:38.644 [main] INFO  api_test.SimpleGetTest - ------------API Test: Delete single user----------------
]]></system-out>
  </testcase>
  <testcase name="attemptToGetUserWithInvalidId" classname="api_test.SimpleGetTest" time="0.092">
    <system-out><![CDATA[22:09:38.645 [main] INFO  api_test.SimpleGetTest - ------------API Test: Get Single Users----------------
22:09:38.735 [main] INFO  api_test.SimpleGetTest - ------------End Test: Get All Users----------------
]]></system-out>
  </testcase>
  <testcase name="getAllUsers" classname="api_test.SimpleGetTest" time="0.153">
    <system-out><![CDATA[22:09:38.735 [main] INFO  api_test.SimpleGetTest - ------------API Test: Get All Users----------------
[george.bluth@reqres.in, janet.weaver@reqres.in, emma.wong@reqres.in, eve.holt@reqres.in, charles.morris@reqres.in, tracey.ramos@reqres.in]
22:09:38.885 [main] INFO  api_test.SimpleGetTest - ------------End Test: Get All Users----------------
]]></system-out>
  </testcase>
  <testcase name="updateUserSingleFiled" classname="api_test.SimplePatchTest" time="0.422">
    <system-out><![CDATA[22:09:39.311 [main] INFO  api_test.SimpleGetTest - ------------API Test: Update user's single fields----------------
]]></system-out>
  </testcase>
  <testcase name="createNewUser" classname="api_test.SimplePostTest" time="0.405">
    <system-out><![CDATA[22:09:39.717 [main] INFO  api_test.SimpleGetTest - ------------End Test: Get All Users----------------
]]></system-out>
  </testcase>
  <testcase name="updateUserFields" classname="api_test.SimplePutTest" time="0.377">
    <system-out><![CDATA[22:09:40.095 [main] INFO  api_test.SimpleGetTest - ------------API Test: Update user fields----------------
]]></system-out>
  </testcase>
</testsuite>